2023.10.02 23:52:33 INFO  Started: Metals version 1.0.1 in folders 'C:\Users\CHAMA COMPUTERS\Desktop\Campus\Year 2\Group Project\Implementation\Frontend' for client Visual Studio Code 1.82.2.
Oct 02, 2023 11:52:33 PM org.flywaydb.core.internal.license.VersionPrinter printVersionOnly
INFO: Flyway Community Edition 9.21.2 by Redgate
Oct 02, 2023 11:52:33 PM org.flywaydb.core.internal.license.VersionPrinter printVersion
INFO: See release notes here: https://rd.gt/416ObMi
Oct 02, 2023 11:52:33 PM org.flywaydb.core.internal.license.VersionPrinter printVersion
INFO: 
Oct 02, 2023 11:52:34 PM org.flywaydb.core.FlywayExecutor execute
INFO: Database: jdbc:h2:file:C:\Users\CHAMA COMPUTERS\Desktop\Campus\Year 2\Group Project\Implementation\Frontend\.metals\metals (H2 2.1)
Oct 02, 2023 11:52:34 PM org.flywaydb.core.internal.schemahistory.JdbcTableSchemaHistory allAppliedMigrations
INFO: Schema history table "PUBLIC"."flyway_schema_history" does not exist yet
Oct 02, 2023 11:52:34 PM org.flywaydb.core.internal.command.DbValidate validate
INFO: Successfully validated 4 migrations (execution time 00:00.012s)
Oct 02, 2023 11:52:34 PM org.flywaydb.core.internal.schemahistory.JdbcTableSchemaHistory create
INFO: Creating Schema History table "PUBLIC"."flyway_schema_history" ...
Oct 02, 2023 11:52:34 PM org.flywaydb.core.internal.command.DbMigrate migrateGroup
INFO: Current version of schema "PUBLIC": << Empty Schema >>
Oct 02, 2023 11:52:34 PM org.flywaydb.core.internal.command.DbMigrate doMigrateGroup
INFO: Migrating schema "PUBLIC" to version "1 - Create tables"
Oct 02, 2023 11:52:34 PM org.flywaydb.core.internal.command.DbMigrate doMigrateGroup
INFO: Migrating schema "PUBLIC" to version "2 - Server discovery"
Oct 02, 2023 11:52:34 PM org.flywaydb.core.internal.command.DbMigrate doMigrateGroup
INFO: Migrating schema "PUBLIC" to version "3 - Jar symbols"
Oct 02, 2023 11:52:34 PM org.flywaydb.core.internal.command.DbMigrate doMigrateGroup
INFO: Migrating schema "PUBLIC" to version "4 - Fingerprints"
Oct 02, 2023 11:52:34 PM org.flywaydb.core.internal.command.DbMigrate logSummary
INFO: Successfully applied 4 migrations to schema "PUBLIC", now at version v4 (execution time 00:00.015s)
2023.10.02 23:52:34 INFO  time: initialize in 0.51s
2023.10.02 23:52:35 WARN  Build server is not auto-connectable.
2023.10.02 23:52:35 WARN  no build tool detected in workspace 'C:\Users\CHAMA COMPUTERS\Desktop\Campus\Year 2\Group Project\Implementation\Frontend'. The most common cause for this problem is that the editor was opened in the wrong working directory, for example if you use sbt then the workspace directory should contain build.sbt. 
2023.10.02 23:57:31 INFO  Shutting down server
2023.10.02 23:57:31 INFO  shutting down Metals
2023.10.02 23:57:31 INFO  Exiting server
